<?xml version="1.0" encoding="UTF-8"?>
<coverage generated="1636410949043" clover="3.2.0">
  <project timestamp="1636410949043" name="All files">
    <metrics statements="16" coveredstatements="16" conditionals="12" coveredconditionals="11" methods="4" coveredmethods="4" elements="32" coveredelements="31" complexity="0" loc="16" ncloc="16" packages="1" files="1" classes="1"/>
    <file name="main.js" path="C:\Users\Ostap\Desktop\Новая папка\main.js">
      <metrics statements="16" coveredstatements="16" conditionals="12" coveredconditionals="11" methods="4" coveredmethods="4"/>
      <line num="2" count="6" type="cond" truecount="2" falsecount="0"/>
      <line num="3" count="4" type="cond" truecount="2" falsecount="0"/>
      <line num="4" count="3" type="stmt"/>
      <line num="5" count="12" type="stmt"/>
      <line num="6" count="3" type="stmt"/>
      <line num="7" count="12" type="cond" truecount="2" falsecount="0"/>
      <line num="10" count="3" type="stmt"/>
      <line num="14" count="6" type="cond" truecount="5" falsecount="0"/>
      <line num="15" count="3" type="stmt"/>
      <line num="16" count="3" type="stmt"/>
      <line num="17" count="3" type="stmt"/>
      <line num="18" count="24" type="stmt"/>
      <line num="19" count="24" type="stmt"/>
      <line num="21" count="3" type="stmt"/>
      <line num="23" count="1" type="stmt"/>
      <line num="24" count="1" type="stmt"/>
    </file>
  </project>
</coverage>
