{"C:\\Users\\Ostap\\Desktop\\Новая папка\\main.js": {"path":"C:\\Users\\Ostap\\Desktop\\Новая папка\\main.js","statementMap":{"0":{"start":{"line":2,"column":2},"end":{"line":2,"column":51}},"1":{"start":{"line":2,"column":16},"end":{"line":2,"column":51}},"2":{"start":{"line":3,"column":2},"end":{"line":3,"column":64}},"3":{"start":{"line":3,"column":27},"end":{"line":3,"column":64}},"4":{"start":{"line":4,"column":20},"end":{"line":4,"column":43}},"5":{"start":{"line":5,"column":20},"end":{"line":5,"column":76}},"6":{"start":{"line":5,"column":52},"end":{"line":5,"column":71}},"7":{"start":{"line":6,"column":21},"end":{"line":8,"column":7}},"8":{"start":{"line":7,"column":4},"end":{"line":7,"column":71}},"9":{"start":{"line":10,"column":2},"end":{"line":10,"column":92}},"10":{"start":{"line":14,"column":4},"end":{"line":14,"column":95}},"11":{"start":{"line":14,"column":53},"end":{"line":14,"column":95}},"12":{"start":{"line":15,"column":18},"end":{"line":15,"column":19}},"13":{"start":{"line":16,"column":23},"end":{"line":16,"column":25}},"14":{"start":{"line":17,"column":4},"end":{"line":20,"column":5}},"15":{"start":{"line":18,"column":8},"end":{"line":18,"column":40}},"16":{"start":{"line":19,"column":8},"end":{"line":19,"column":18}},"17":{"start":{"line":21,"column":4},"end":{"line":21,"column":22}},"18":{"start":{"line":23,"column":0},"end":{"line":23,"column":27}},"19":{"start":{"line":24,"column":0},"end":{"line":24,"column":37}}},"fnMap":{"0":{"name":"taskOne","decl":{"start":{"line":1,"column":10},"end":{"line":1,"column":17}},"loc":{"start":{"line":1,"column":29},"end":{"line":11,"column":1}},"line":1},"1":{"name":"(anonymous_1)","decl":{"start":{"line":5,"column":37},"end":{"line":5,"column":38}},"loc":{"start":{"line":5,"column":52},"end":{"line":5,"column":71}},"line":5},"2":{"name":"(anonymous_2)","decl":{"start":{"line":6,"column":38},"end":{"line":6,"column":39}},"loc":{"start":{"line":6,"column":60},"end":{"line":8,"column":3}},"line":6},"3":{"name":"taskTwo","decl":{"start":{"line":13,"column":10},"end":{"line":13,"column":17}},"loc":{"start":{"line":13,"column":24},"end":{"line":22,"column":1}},"line":13}},"branchMap":{"0":{"loc":{"start":{"line":1,"column":18},"end":{"line":1,"column":27}},"type":"default-arg","locations":[{"start":{"line":1,"column":26},"end":{"line":1,"column":27}}],"line":1},"1":{"loc":{"start":{"line":2,"column":2},"end":{"line":2,"column":51}},"type":"if","locations":[{"start":{"line":2,"column":2},"end":{"line":2,"column":51}},{"start":{},"end":{}}],"line":2},"2":{"loc":{"start":{"line":3,"column":2},"end":{"line":3,"column":64}},"type":"if","locations":[{"start":{"line":3,"column":2},"end":{"line":3,"column":64}},{"start":{},"end":{}}],"line":3},"3":{"loc":{"start":{"line":7,"column":11},"end":{"line":7,"column":71}},"type":"cond-expr","locations":[{"start":{"line":7,"column":30},"end":{"line":7,"column":49}},{"start":{"line":7,"column":52},"end":{"line":7,"column":71}}],"line":7},"4":{"loc":{"start":{"line":14,"column":4},"end":{"line":14,"column":95}},"type":"if","locations":[{"start":{"line":14,"column":4},"end":{"line":14,"column":95}},{"start":{},"end":{}}],"line":14},"5":{"loc":{"start":{"line":14,"column":7},"end":{"line":14,"column":51}},"type":"binary-expr","locations":[{"start":{"line":14,"column":7},"end":{"line":14,"column":13}},{"start":{"line":14,"column":17},"end":{"line":14,"column":27}},{"start":{"line":14,"column":31},"end":{"line":14,"column":51}}],"line":14}},"s":{"0":6,"1":2,"2":4,"3":1,"4":3,"5":3,"6":12,"7":3,"8":12,"9":3,"10":6,"11":3,"12":3,"13":3,"14":3,"15":24,"16":24,"17":3,"18":1,"19":1},"f":{"0":6,"1":12,"2":12,"3":6},"b":{"0":[0],"1":[2,4],"2":[1,3],"3":[7,5],"4":[3,3],"5":[6,5,3]},"_coverageSchema":"1a1c01bbd47fc00a2c39e90264f33305004495a9","hash":"4d606961317ca452c67d9dcdca534c9519d6691f"}
}
